[debug] [2021-11-19T06:19:35.920Z] ----------------------------------------------------------------------
[debug] [2021-11-19T06:19:35.922Z] Command:       C:\Program Files\nodejs\node.exe C:\Users\USER\AppData\Roaming\npm\node_modules\firebase-tools\lib\bin\firebase.js init
[debug] [2021-11-19T06:19:35.922Z] CLI Version:   9.21.0
[debug] [2021-11-19T06:19:35.922Z] Platform:      win32
[debug] [2021-11-19T06:19:35.922Z] Node Version:  v14.17.1
[debug] [2021-11-19T06:19:35.923Z] Time:          Fri Nov 19 2021 12:19:35 GMT+0600 (Bangladesh Standard Time)
[debug] [2021-11-19T06:19:35.923Z] ----------------------------------------------------------------------
[debug] 
[debug] [2021-11-19T06:19:35.974Z] > command requires scopes: ["email","openid","https://www.googleapis.com/auth/cloudplatformprojects.readonly","https://www.googleapis.com/auth/firebase","https://www.googleapis.com/auth/cloud-platform"]
[debug] [2021-11-19T06:19:35.975Z] > authorizing via signed-in user (mraisfa@gmail.com)
[info] 
     ######## #### ########  ######## ########     ###     ######  ########
     ##        ##  ##     ## ##       ##     ##  ##   ##  ##       ##
     ######    ##  ########  ######   ########  #########  ######  ######
     ##        ##  ##    ##  ##       ##     ## ##     ##       ## ##
     ##       #### ##     ## ######## ########  ##     ##  ######  ########

You're about to initialize a Firebase project in this directory:

  C:\projects\client

Before we get started, keep in mind:

  * You are currently outside your home directory
  * You are initializing within an existing Firebase project directory

[info] 
=== Project Setup
[info] 
[info] First, let's associate this project directory with a Firebase project.
[info] You can create multiple project aliases by running firebase use --add, 
[info] but for now we'll just set up a default project.
[info] 
[info] i  .firebaserc already has a default project, using assignment-12. 
[debug] [2021-11-19T06:19:45.424Z] >>> [apiv2][query] GET https://firebase.googleapis.com/v1beta1/projects/assignment-12 [none]
[debug] [2021-11-19T06:19:45.983Z] <<< [apiv2][status] GET https://firebase.googleapis.com/v1beta1/projects/assignment-12 403
[debug] [2021-11-19T06:19:45.983Z] <<< [apiv2][body] GET https://firebase.googleapis.com/v1beta1/projects/assignment-12 {"error":{"code":403,"message":"The caller does not have permission","status":"PERMISSION_DENIED"}}
[debug] [2021-11-19T06:19:45.983Z] HTTP Error: 403, The caller does not have permission
[debug] [2021-11-19T06:19:46.185Z] FirebaseError: HTTP Error: 403, The caller does not have permission
    at module.exports (C:\Users\USER\AppData\Roaming\npm\node_modules\firebase-tools\lib\responseToError.js:38:12)
    at Client.doRequest (C:\Users\USER\AppData\Roaming\npm\node_modules\firebase-tools\lib\apiv2.js:240:23)
    at processTicksAndRejections (internal/process/task_queues.js:95:5)
    at async Client.request (C:\Users\USER\AppData\Roaming\npm\node_modules\firebase-tools\lib\apiv2.js:96:20)
    at async Object.getFirebaseProject (C:\Users\USER\AppData\Roaming\npm\node_modules\firebase-tools\lib\management\projects.js:290:21)
    at async Object.doSetup [as project] (C:\Users\USER\AppData\Roaming\npm\node_modules\firebase-tools\lib\init\features\project.js:77:27)
    at async init (C:\Users\USER\AppData\Roaming\npm\node_modules\firebase-tools\lib\init\index.js:19:9)
[error] 
[error] Error: Failed to get Firebase project assignment-12. Please make sure the project exists and your account has permission to access it.
